PLINK v1.90b6.16 64-bit (19 Feb 2020)
Options in effect:
  --allow-extra-chr
  --file wellington-5-p5-p3-r80-1.plink
  --ld-window-r2 0.8
  --out wellington-5-p5-p3-r80-1-ld
  --r2

Hostname: wbn034
Working directory: /scale_wlg_nobackup/filesets/nobackup/uoo02915/PLINK
Start time: Tue Feb 23 11:02:00 2021

Random number seed: 1614031320
128824 MB RAM detected; reserving 64412 MB for main workspace.
Scanning .ped file... done.
Performing single-pass .bed write (6978 variants, 159 people).
--file: wellington-5-p5-p3-r80-1-ld-temporary.bed +
wellington-5-p5-p3-r80-1-ld-temporary.bim +
wellington-5-p5-p3-r80-1-ld-temporary.fam written.
6978 variants loaded from .bim file.
159 people (0 males, 0 females, 159 ambiguous) loaded from .fam.
Ambiguous sex IDs written to wellington-5-p5-p3-r80-1-ld.nosex .
Using up to 71 threads (change this with --threads).
Before main variant filters, 159 founders and 0 nonfounders present.
Calculating allele frequencies... done.
Total genotyping rate is 0.812263.
6978 variants and 159 people pass filters and QC.
Note: No phenotypes present.
--r2 to wellington-5-p5-p3-r80-1-ld.ld ... done.

End time: Tue Feb 23 11:02:00 2021
