Growing trees.. Progress: 3%. Estimated remaining time: 14 minutes, 40 seconds.
Growing trees.. Progress: 16%. Estimated remaining time: 5 minutes, 30 seconds.
Growing trees.. Progress: 29%. Estimated remaining time: 3 minutes, 50 seconds.
Growing trees.. Progress: 44%. Estimated remaining time: 2 minutes, 40 seconds.
Growing trees.. Progress: 58%. Estimated remaining time: 1 minute, 56 seconds.
Growing trees.. Progress: 72%. Estimated remaining time: 1 minute, 13 seconds.
Growing trees.. Progress: 87%. Estimated remaining time: 34 seconds.
Warning message:
In lda.default(x, grouping, ...) : variables are collinear

Call:
 abcrf(formula = Models ~ ., data = Trainingdata, ntree = ntrees, paral = TRUE) 
includes the axes of a preliminary LDA

Number of simulations: 100000
Out-of-bag prior error rate: 23.549%

Confusion matrix:
              model_1_MSFS model_2_MSFS model_3_MSFS model_4_MSFS model_5_MSFS
model_1_MSFS          8053          105          127          238           10
model_2_MSFS           101         8744          174          226            6
model_3_MSFS           245          285         7458          121           77
model_4_MSFS           297          305           74         8065            4
model_5_MSFS             1            3           57            2         9671
model_6_MSFS             2            6            2           95          157
model_7_MSFS          2717          182         2109          177           25
model_8_MSFS          1329           20          251          125         2045
model_9_MSFS           193          338          916         1327           78
model_10_MSFS            7            8            4            8           13
              model_6_MSFS model_7_MSFS model_8_MSFS model_9_MSFS model_10_MSFS
model_1_MSFS             3          807           48          589            20
model_2_MSFS             7          148            3          570            21
model_3_MSFS             3          771           46          976            18
model_4_MSFS            90          192           24          924            25
model_5_MSFS           159            0           62           31            14
model_6_MSFS          9617            0           83           27            11
model_7_MSFS             4         3574          185         1009            18
model_8_MSFS           602          691         4702          216            19
model_9_MSFS            91          268          118         6642            29
model_10_MSFS            7            4           12           12          9925
              class.error
model_1_MSFS       0.1947
model_2_MSFS       0.1256
model_3_MSFS       0.2542
model_4_MSFS       0.1935
model_5_MSFS       0.0329
model_6_MSFS       0.0383
model_7_MSFS       0.6426
model_8_MSFS       0.5298
model_9_MSFS       0.3358
model_10_MSFS      0.0075
Growing trees.. Progress: 0%. Estimated remaining time: 5 hours, 24 minutes, 21 seconds.
Growing trees.. Progress: 14%. Estimated remaining time: 8 minutes, 13 seconds.
Growing trees.. Progress: 29%. Estimated remaining time: 5 minutes, 9 seconds.
Growing trees.. Progress: 43%. Estimated remaining time: 3 minutes, 45 seconds.
Growing trees.. Progress: 57%. Estimated remaining time: 2 minutes, 39 seconds.
Growing trees.. Progress: 71%. Estimated remaining time: 1 minute, 43 seconds.
Growing trees.. Progress: 85%. Estimated remaining time: 49 seconds.
Growing trees.. Progress: 93%. Estimated remaining time: 23 seconds.
  selected model votes model1 votes model2 votes model3 votes model4
1   model_3_MSFS           20           27          163           14
  votes model5 votes model6 votes model7 votes model8 votes model9
1           34           28           61           88           11
  votes model10 post.proba
1            54  0.9138667
